<?xml version="1.0" encoding="UTF-8"?>
<!-- Generated by org.testng.reporters.JUnitXMLReporter -->
<testsuite ignored="0" hostname="DESKTOP-U0ESANG" failures="0" tests="3" name="Default test" time="4.937" errors="0" timestamp="2024-03-02T13:41:39 MYT">
  <testcase classname="com.twoctwop.apiTesting.TypiCodeTest" name="testGETCommentsWithId3" time="2.423"/>
  <testcase classname="com.twoctwop.apiTesting.TypiCodeTest" name="testGETUsersWithId6" time="0.364"/>
  <testcase classname="com.twoctwop.apiTesting.TypiCodeTest" name="testPostCommentsWithJsonBody" time="0.987"/>
</testsuite> <!-- Default test -->
