<?xml version="1.0" encoding="UTF-8"?>
<!-- Generated by org.testng.reporters.JUnitXMLReporter -->
<testsuite ignored="0" hostname="DESKTOP-U0ESANG" failures="0" tests="3" name="Test" time="8.957" errors="0" timestamp="2024-03-03T12:53:48 MYT">
  <testcase classname="com.twoctwop.testAPI.TypiCodeTest" name="testGETCommentsWithId3" time="5.036"/>
  <testcase classname="com.twoctwop.testAPI.TypiCodeTest" name="testGETUsersWithId6" time="0.291"/>
  <testcase classname="com.twoctwop.testAPI.TypiCodeTest" name="testPostCommentsWithJsonBody" time="1.134"/>
</testsuite> <!-- Test -->
