<?xml version="1.0" encoding="UTF-8"?>
<!-- Generated by org.testng.reporters.JUnitXMLReporter -->
<testsuite ignored="0" hostname="DESKTOP-U0ESANG" failures="0" tests="3" name="Test" time="5.644" errors="0" timestamp="2024-03-02T17:12:32 MYT">
  <testcase classname="com.twoctwop.testAPI.TypiCodeTest" name="testGETCommentsWithId3" time="2.703"/>
  <testcase classname="com.twoctwop.testAPI.TypiCodeTest" name="testGETUsersWithId6" time="0.26"/>
  <testcase classname="com.twoctwop.testAPI.TypiCodeTest" name="testPostCommentsWithJsonBody" time="1.323"/>
</testsuite> <!-- Test -->
