<?xml version="1.0" encoding="UTF-8"?>
<testng-results ignored="0" total="3" passed="3" failed="0" skipped="0">
  <reporter-output>
  </reporter-output>
  <suite started-at="2024-03-07T15:35:30 MYT" name="Default suite" finished-at="2024-03-07T15:35:35 MYT" duration-ms="4907">
    <groups>
    </groups>
    <test started-at="2024-03-07T15:35:30 MYT" name="Default test" finished-at="2024-03-07T15:35:35 MYT" duration-ms="4907">
      <class name="com.jsonP.testAPI.TypiCodeTest">
        <test-method is-config="true" signature="setup()[pri:0, instance:com.jsonP.testAPI.TypiCodeTest@1bb5a082]" started-at="2024-03-07T15:35:30 MYT" name="setup" finished-at="2024-03-07T15:35:31 MYT" duration-ms="851" status="PASS">
          <reporter-output>
          </reporter-output>
        </test-method> <!-- setup -->
        <test-method signature="testGETCommentsWithId3()[pri:0, instance:com.jsonP.testAPI.TypiCodeTest@1bb5a082]" started-at="2024-03-07T15:35:31 MYT" name="testGETCommentsWithId3" finished-at="2024-03-07T15:35:33 MYT" duration-ms="2525" status="PASS">
          <reporter-output>
          </reporter-output>
        </test-method> <!-- testGETCommentsWithId3 -->
        <test-method signature="testGETUsersWithId6()[pri:0, instance:com.jsonP.testAPI.TypiCodeTest@1bb5a082]" started-at="2024-03-07T15:35:33 MYT" name="testGETUsersWithId6" finished-at="2024-03-07T15:35:33 MYT" duration-ms="167" status="PASS">
          <reporter-output>
          </reporter-output>
        </test-method> <!-- testGETUsersWithId6 -->
        <test-method signature="testPostCommentsWithJsonBody()[pri:0, instance:com.jsonP.testAPI.TypiCodeTest@1bb5a082]" started-at="2024-03-07T15:35:33 MYT" name="testPostCommentsWithJsonBody" finished-at="2024-03-07T15:35:34 MYT" duration-ms="879" status="PASS">
          <reporter-output>
          </reporter-output>
        </test-method> <!-- testPostCommentsWithJsonBody -->
        <test-method is-config="true" signature="tearDown()[pri:0, instance:com.jsonP.testAPI.TypiCodeTest@1bb5a082]" started-at="2024-03-07T15:35:34 MYT" name="tearDown" finished-at="2024-03-07T15:35:35 MYT" duration-ms="390" status="PASS">
          <reporter-output>
          </reporter-output>
        </test-method> <!-- tearDown -->
      </class> <!-- com.jsonP.testAPI.TypiCodeTest -->
    </test> <!-- Default test -->
  </suite> <!-- Default suite -->
</testng-results>
