<?xml version="1.0" encoding="UTF-8"?>
<testng-results ignored="0" total="3" passed="3" failed="0" skipped="0">
  <reporter-output>
  </reporter-output>
  <suite started-at="2024-03-02T17:12:26 MYT" name="Suite" finished-at="2024-03-02T17:12:32 MYT" duration-ms="5644">
    <groups>
    </groups>
    <test started-at="2024-03-02T17:12:26 MYT" name="Test" finished-at="2024-03-02T17:12:32 MYT" duration-ms="5644">
      <class name="com.twoctwop.testAPI.TypiCodeTest">
        <test-method is-config="true" signature="setup()[pri:0, instance:com.twoctwop.testAPI.TypiCodeTest@3e694b3f]" started-at="2024-03-02T17:12:26 MYT" name="setup" finished-at="2024-03-02T17:12:27 MYT" duration-ms="901" status="PASS">
          <reporter-output>
          </reporter-output>
        </test-method> <!-- setup -->
        <test-method signature="testGETCommentsWithId3()[pri:0, instance:com.twoctwop.testAPI.TypiCodeTest@3e694b3f]" started-at="2024-03-02T17:12:27 MYT" name="testGETCommentsWithId3" finished-at="2024-03-02T17:12:30 MYT" duration-ms="2703" status="PASS">
          <reporter-output>
          </reporter-output>
        </test-method> <!-- testGETCommentsWithId3 -->
        <test-method signature="testGETUsersWithId6()[pri:0, instance:com.twoctwop.testAPI.TypiCodeTest@3e694b3f]" started-at="2024-03-02T17:12:30 MYT" name="testGETUsersWithId6" finished-at="2024-03-02T17:12:30 MYT" duration-ms="260" status="PASS">
          <reporter-output>
          </reporter-output>
        </test-method> <!-- testGETUsersWithId6 -->
        <test-method signature="testPostCommentsWithJsonBody()[pri:0, instance:com.twoctwop.testAPI.TypiCodeTest@3e694b3f]" started-at="2024-03-02T17:12:30 MYT" name="testPostCommentsWithJsonBody" finished-at="2024-03-02T17:12:31 MYT" duration-ms="1323" status="PASS">
          <reporter-output>
          </reporter-output>
        </test-method> <!-- testPostCommentsWithJsonBody -->
        <test-method is-config="true" signature="tearDown()[pri:0, instance:com.twoctwop.testAPI.TypiCodeTest@3e694b3f]" started-at="2024-03-02T17:12:31 MYT" name="tearDown" finished-at="2024-03-02T17:12:32 MYT" duration-ms="373" status="PASS">
          <reporter-output>
          </reporter-output>
        </test-method> <!-- tearDown -->
      </class> <!-- com.twoctwop.testAPI.TypiCodeTest -->
    </test> <!-- Test -->
  </suite> <!-- Suite -->
</testng-results>
